# JRE version: OpenJDK Runtime Environment (21.0.8) (build 21.0.8+-14018985-b1038.68)
# Java VM: OpenJDK 64-Bit Server VM (21.0.8+-14018985-b1038.68, mixed mode, tiered, compressed oops, compressed class ptrs, g1 gc, windows-amd64)
GC Precious Log:
 CardTable entry size: 512
 Card Set container configuration: InlinePtr #cards 5 size 8 Array Of Cards #cards 12 size 40 Howl #buckets 4 coarsen threshold 1843 Howl Bitmap #cards 512 size 80 coarsen threshold 460 Card regions per heap region 1 cards per card region 2048
 CPUs: 16 total, 16 available
 Memory: 16091M
 Large Page Support: Disabled
 NUMA Support: Disabled
 Compressed Oops: Enabled (32-bit)
 Heap Region Size: 1M
 Heap Min Capacity: 8M
 Heap Initial Capacity: 252M
 Heap Max Capacity: 2G
 Pre-touch: Disabled
 Parallel Workers: 13
 Concurrent Workers: 3
 Concurrent Refinement Workers: 13
 Periodic GC: Disabled
Heap:
 garbage-first heap   total 419840K, used 343583K [0x0000000080000000, 0x0000000100000000)
  region size 1024K, 94 young (96256K), 8 survivors (8192K)
 Metaspace       used 218771K, committed 221696K, reserved 1245184K
  class space    used 28305K, committed 29760K, reserved 1048576K
GC Heap History (20 events):
Event: 32.080 GC heap before
{Heap before GC invocations=46 (full 0):
 garbage-first heap   total 360448K, used 298815K [0x0000000080000000, 0x0000000100000000)
  region size 1024K, 95 young (97280K), 13 survivors (13312K)
 Metaspace       used 160202K, committed 162688K, reserved 1245184K
  class space    used 21201K, committed 22400K, reserved 1048576K
}
Event: 32.087 GC heap after
{Heap after GC invocations=47 (full 0):
 garbage-first heap   total 360448K, used 220934K [0x0000000080000000, 0x0000000100000000)
  region size 1024K, 12 young (12288K), 12 survivors (12288K)
 Metaspace       used 160202K, committed 162688K, reserved 1245184K
  class space    used 21201K, committed 22400K, reserved 1048576K
}
Event: 34.168 GC heap before
{Heap before GC invocations=47 (full 0):
 garbage-first heap   total 360448K, used 326406K [0x0000000080000000, 0x0000000100000000)
  region size 1024K, 114 young (116736K), 12 survivors (12288K)
 Metaspace       used 168513K, committed 171072K, reserved 1245184K
  class space    used 21937K, committed 23168K, reserved 1048576K
}
Event: 34.177 GC heap after
{Heap after GC invocations=48 (full 0):
 garbage-first heap   total 360448K, used 224606K [0x0000000080000000, 0x0000000100000000)
  region size 1024K, 15 young (15360K), 15 survivors (15360K)
 Metaspace       used 168513K, committed 171072K, reserved 1245184K
  class space    used 21937K, committed 23168K, reserved 1048576K
}
Event: 35.826 GC heap before
{Heap before GC invocations=48 (full 0):
 garbage-first heap   total 360448K, used 324958K [0x0000000080000000, 0x0000000100000000)
  region size 1024K, 113 young (115712K), 15 survivors (15360K)
 Metaspace       used 175918K, committed 178560K, reserved 1245184K
  class space    used 23186K, committed 24448K, reserved 1048576K
}
Event: 35.841 GC heap after
{Heap after GC invocations=49 (full 0):
 garbage-first heap   total 360448K, used 222413K [0x0000000080000000, 0x0000000100000000)
  region size 1024K, 5 young (5120K), 5 survivors (5120K)
 Metaspace       used 175918K, committed 178560K, reserved 1245184K
  class space    used 23186K, committed 24448K, reserved 1048576K
}
Event: 37.315 GC heap before
{Heap before GC invocations=50 (full 0):
 garbage-first heap   total 372736K, used 335053K [0x0000000080000000, 0x0000000100000000)
  region size 1024K, 109 young (111616K), 5 survivors (5120K)
 Metaspace       used 183207K, committed 185920K, reserved 1245184K
  class space    used 24077K, committed 25408K, reserved 1048576K
}
Event: 37.330 GC heap after
{Heap after GC invocations=51 (full 0):
 garbage-first heap   total 372736K, used 233195K [0x0000000080000000, 0x0000000100000000)
  region size 1024K, 14 young (14336K), 14 survivors (14336K)
 Metaspace       used 183207K, committed 185920K, reserved 1245184K
  class space    used 24077K, committed 25408K, reserved 1048576K
}
Event: 38.997 GC heap before
{Heap before GC invocations=51 (full 0):
 garbage-first heap   total 372736K, used 337643K [0x0000000080000000, 0x0000000100000000)
  region size 1024K, 116 young (118784K), 14 survivors (14336K)
 Metaspace       used 183208K, committed 185920K, reserved 1245184K
  class space    used 24077K, committed 25408K, reserved 1048576K
}
Event: 39.020 GC heap after
{Heap after GC invocations=52 (full 0):
 garbage-first heap   total 372736K, used 233323K [0x0000000080000000, 0x0000000100000000)
  region size 1024K, 6 young (6144K), 6 survivors (6144K)
 Metaspace       used 183208K, committed 185920K, reserved 1245184K
  class space    used 24077K, committed 25408K, reserved 1048576K
}
Event: 40.492 GC heap before
{Heap before GC invocations=52 (full 0):
 garbage-first heap   total 372736K, used 341867K [0x0000000080000000, 0x0000000100000000)
  region size 1024K, 112 young (114688K), 6 survivors (6144K)
 Metaspace       used 183448K, committed 186112K, reserved 1245184K
  class space    used 24099K, committed 25408K, reserved 1048576K
}
Event: 40.502 GC heap after
{Heap after GC invocations=53 (full 0):
 garbage-first heap   total 372736K, used 236930K [0x0000000080000000, 0x0000000100000000)
  region size 1024K, 9 young (9216K), 9 survivors (9216K)
 Metaspace       used 183448K, committed 186112K, reserved 1245184K
  class space    used 24099K, committed 25408K, reserved 1048576K
}
Event: 42.299 GC heap before
{Heap before GC invocations=54 (full 0):
 garbage-first heap   total 391168K, used 340354K [0x0000000080000000, 0x0000000100000000)
  region size 1024K, 112 young (114688K), 9 survivors (9216K)
 Metaspace       used 193268K, committed 195968K, reserved 1245184K
  class space    used 25367K, committed 26688K, reserved 1048576K
}
Event: 42.311 GC heap after
{Heap after GC invocations=55 (full 0):
 garbage-first heap   total 391168K, used 239016K [0x0000000080000000, 0x0000000100000000)
  region size 1024K, 11 young (11264K), 11 survivors (11264K)
 Metaspace       used 193268K, committed 195968K, reserved 1245184K
  class space    used 25367K, committed 26688K, reserved 1048576K
}
Event: 47.095 GC heap before
{Heap before GC invocations=55 (full 0):
 garbage-first heap   total 391168K, used 357800K [0x0000000080000000, 0x0000000100000000)
  region size 1024K, 128 young (131072K), 11 survivors (11264K)
 Metaspace       used 204393K, committed 207232K, reserved 1245184K
  class space    used 26767K, committed 28160K, reserved 1048576K
}
Event: 47.104 GC heap after
{Heap after GC invocations=56 (full 0):
 garbage-first heap   total 391168K, used 240443K [0x0000000080000000, 0x0000000100000000)
  region size 1024K, 16 young (16384K), 16 survivors (16384K)
 Metaspace       used 204393K, committed 207232K, reserved 1245184K
  class space    used 26767K, committed 28160K, reserved 1048576K
}
Event: 56.534 GC heap before
{Heap before GC invocations=56 (full 0):
 garbage-first heap   total 391168K, used 353083K [0x0000000080000000, 0x0000000100000000)
  region size 1024K, 127 young (130048K), 16 survivors (16384K)
 Metaspace       used 207844K, committed 210752K, reserved 1245184K
  class space    used 27134K, committed 28544K, reserved 1048576K
}
Event: 56.591 GC heap after
{Heap after GC invocations=57 (full 0):
 garbage-first heap   total 391168K, used 250756K [0x0000000080000000, 0x0000000100000000)
  region size 1024K, 11 young (11264K), 11 survivors (11264K)
 Metaspace       used 207844K, committed 210752K, reserved 1245184K
  class space    used 27134K, committed 28544K, reserved 1048576K
}
Event: 124.567 GC heap before
{Heap before GC invocations=58 (full 0):
 garbage-first heap   total 419840K, used 356228K [0x0000000080000000, 0x0000000100000000)
  region size 1024K, 115 young (117760K), 11 survivors (11264K)
 Metaspace       used 217093K, committed 219968K, reserved 1245184K
  class space    used 28091K, committed 29504K, reserved 1048576K
}
Event: 124.576 GC heap after
{Heap after GC invocations=59 (full 0):
 garbage-first heap   total 419840K, used 257567K [0x0000000080000000, 0x0000000100000000)
  region size 1024K, 8 young (8192K), 8 survivors (8192K)
 Metaspace       used 217093K, committed 219968K, reserved 1245184K
  class space    used 28091K, committed 29504K, reserved 1048576K
}

