# JRE version: OpenJDK Runtime Environment (21.0.8) (build 21.0.8+-14018985-b1038.68)
# Java VM: OpenJDK 64-Bit Server VM (21.0.8+-14018985-b1038.68, mixed mode, tiered, compressed oops, compressed class ptrs, g1 gc, windows-amd64)
GC Precious Log:
 CardTable entry size: 512
 Card Set container configuration: InlinePtr #cards 5 size 8 Array Of Cards #cards 12 size 40 Howl #buckets 4 coarsen threshold 1843 Howl Bitmap #cards 512 size 80 coarsen threshold 460 Card regions per heap region 1 cards per card region 2048
 CPUs: 16 total, 16 available
 Memory: 16091M
 Large Page Support: Disabled
 NUMA Support: Disabled
 Compressed Oops: Enabled (32-bit)
 Heap Region Size: 1M
 Heap Min Capacity: 8M
 Heap Initial Capacity: 252M
 Heap Max Capacity: 2G
 Pre-touch: Disabled
 Parallel Workers: 13
 Concurrent Workers: 3
 Concurrent Refinement Workers: 13
 Periodic GC: Disabled
Heap:
 garbage-first heap   total 478208K, used 327963K [0x0000000080000000, 0x0000000100000000)
  region size 1024K, 54 young (55296K), 16 survivors (16384K)
 Metaspace       used 239178K, committed 242304K, reserved 1310720K
  class space    used 30846K, committed 32384K, reserved 1048576K
GC Heap History (20 events):
Event: 29.821 GC heap before
{Heap before GC invocations=57 (full 0):
 garbage-first heap   total 386048K, used 357554K [0x0000000080000000, 0x0000000100000000)
  region size 1024K, 121 young (123904K), 6 survivors (6144K)
 Metaspace       used 189410K, committed 192064K, reserved 1245184K
  class space    used 24865K, committed 26112K, reserved 1048576K
}
Event: 29.830 GC heap after
{Heap after GC invocations=58 (full 0):
 garbage-first heap   total 386048K, used 242788K [0x0000000080000000, 0x0000000100000000)
  region size 1024K, 9 young (9216K), 9 survivors (9216K)
 Metaspace       used 189410K, committed 192064K, reserved 1245184K
  class space    used 24865K, committed 26112K, reserved 1048576K
}
Event: 30.969 GC heap before
{Heap before GC invocations=59 (full 0):
 garbage-first heap   total 406528K, used 355428K [0x0000000080000000, 0x0000000100000000)
  region size 1024K, 118 young (120832K), 9 survivors (9216K)
 Metaspace       used 198522K, committed 201280K, reserved 1245184K
  class space    used 26065K, committed 27392K, reserved 1048576K
}
Event: 30.978 GC heap after
{Heap after GC invocations=60 (full 0):
 garbage-first heap   total 406528K, used 248379K [0x0000000080000000, 0x0000000100000000)
  region size 1024K, 11 young (11264K), 11 survivors (11264K)
 Metaspace       used 198522K, committed 201280K, reserved 1245184K
  class space    used 26065K, committed 27392K, reserved 1048576K
}
Event: 34.747 GC heap before
{Heap before GC invocations=60 (full 0):
 garbage-first heap   total 406528K, used 372283K [0x0000000080000000, 0x0000000100000000)
  region size 1024K, 133 young (136192K), 11 survivors (11264K)
 Metaspace       used 210296K, committed 213120K, reserved 1245184K
  class space    used 27555K, committed 28928K, reserved 1048576K
}
Event: 34.755 GC heap after
{Heap after GC invocations=61 (full 0):
 garbage-first heap   total 406528K, used 246470K [0x0000000080000000, 0x0000000100000000)
  region size 1024K, 17 young (17408K), 17 survivors (17408K)
 Metaspace       used 210296K, committed 213120K, reserved 1245184K
  class space    used 27555K, committed 28928K, reserved 1048576K
}
Event: 38.623 GC heap before
{Heap before GC invocations=61 (full 0):
 garbage-first heap   total 406528K, used 367302K [0x0000000080000000, 0x0000000100000000)
  region size 1024K, 135 young (138240K), 17 survivors (17408K)
 Metaspace       used 213573K, committed 216384K, reserved 1245184K
  class space    used 27916K, committed 29248K, reserved 1048576K
}
Event: 38.632 GC heap after
{Heap after GC invocations=62 (full 0):
 garbage-first heap   total 406528K, used 256184K [0x0000000080000000, 0x0000000100000000)
  region size 1024K, 11 young (11264K), 11 survivors (11264K)
 Metaspace       used 213573K, committed 216384K, reserved 1245184K
  class space    used 27916K, committed 29248K, reserved 1048576K
}
Event: 450.614 GC heap before
{Heap before GC invocations=63 (full 0):
 garbage-first heap   total 429056K, used 370872K [0x0000000080000000, 0x0000000100000000)
  region size 1024K, 124 young (126976K), 11 survivors (11264K)
 Metaspace       used 222886K, committed 225792K, reserved 1245184K
  class space    used 28875K, committed 30272K, reserved 1048576K
}
Event: 450.621 GC heap after
{Heap after GC invocations=64 (full 0):
 garbage-first heap   total 429056K, used 263390K [0x0000000080000000, 0x0000000100000000)
  region size 1024K, 9 young (9216K), 9 survivors (9216K)
 Metaspace       used 222886K, committed 225792K, reserved 1245184K
  class space    used 28875K, committed 30272K, reserved 1048576K
}
Event: 451.532 GC heap before
{Heap before GC invocations=64 (full 0):
 garbage-first heap   total 429056K, used 395486K [0x0000000080000000, 0x0000000100000000)
  region size 1024K, 139 young (142336K), 9 survivors (9216K)
 Metaspace       used 225330K, committed 228288K, reserved 1310720K
  class space    used 29193K, committed 30592K, reserved 1048576K
}
Event: 451.540 GC heap after
{Heap after GC invocations=65 (full 0):
 garbage-first heap   total 429056K, used 275884K [0x0000000080000000, 0x0000000100000000)
  region size 1024K, 18 young (18432K), 18 survivors (18432K)
 Metaspace       used 225330K, committed 228288K, reserved 1310720K
  class space    used 29193K, committed 30592K, reserved 1048576K
}
Event: 452.383 GC heap before
{Heap before GC invocations=65 (full 0):
 garbage-first heap   total 429056K, used 394668K [0x0000000080000000, 0x0000000100000000)
  region size 1024K, 127 young (130048K), 18 survivors (18432K)
 Metaspace       used 228954K, committed 231936K, reserved 1310720K
  class space    used 29660K, committed 31104K, reserved 1048576K
}
Event: 452.394 GC heap after
{Heap after GC invocations=66 (full 0):
 garbage-first heap   total 429056K, used 280953K [0x0000000080000000, 0x0000000100000000)
  region size 1024K, 11 young (11264K), 11 survivors (11264K)
 Metaspace       used 228954K, committed 231936K, reserved 1310720K
  class space    used 29660K, committed 31104K, reserved 1048576K
}
Event: 476.940 GC heap before
{Heap before GC invocations=66 (full 0):
 garbage-first heap   total 429056K, used 392569K [0x0000000080000000, 0x0000000100000000)
  region size 1024K, 121 young (123904K), 11 survivors (11264K)
 Metaspace       used 232841K, committed 235968K, reserved 1310720K
  class space    used 30174K, committed 31680K, reserved 1048576K
}
Event: 476.949 GC heap after
{Heap after GC invocations=67 (full 0):
 garbage-first heap   total 429056K, used 286161K [0x0000000080000000, 0x0000000100000000)
  region size 1024K, 8 young (8192K), 8 survivors (8192K)
 Metaspace       used 232841K, committed 235968K, reserved 1310720K
  class space    used 30174K, committed 31680K, reserved 1048576K
}
Event: 477.585 GC heap before
{Heap before GC invocations=68 (full 0):
 garbage-first heap   total 478208K, used 395729K [0x0000000080000000, 0x0000000100000000)
  region size 1024K, 115 young (117760K), 8 survivors (8192K)
 Metaspace       used 233191K, committed 236224K, reserved 1310720K
  class space    used 30179K, committed 31680K, reserved 1048576K
}
Event: 477.594 GC heap after
{Heap after GC invocations=69 (full 0):
 garbage-first heap   total 478208K, used 298372K [0x0000000080000000, 0x0000000100000000)
  region size 1024K, 15 young (15360K), 15 survivors (15360K)
 Metaspace       used 233191K, committed 236224K, reserved 1310720K
  class space    used 30179K, committed 31680K, reserved 1048576K
}
Event: 517.414 GC heap before
{Heap before GC invocations=69 (full 0):
 garbage-first heap   total 478208K, used 438660K [0x0000000080000000, 0x0000000100000000)
  region size 1024K, 151 young (154624K), 15 survivors (15360K)
 Metaspace       used 239055K, committed 242240K, reserved 1310720K
  class space    used 30843K, committed 32384K, reserved 1048576K
}
Event: 517.426 GC heap after
{Heap after GC invocations=70 (full 0):
 garbage-first heap   total 478208K, used 290075K [0x0000000080000000, 0x0000000100000000)
  region size 1024K, 16 young (16384K), 16 survivors (16384K)
 Metaspace       used 239055K, committed 242240K, reserved 1310720K
  class space    used 30843K, committed 32384K, reserved 1048576K
}

