# JRE version: OpenJDK Runtime Environment (21.0.8) (build 21.0.8+-14018985-b1038.68)
# Java VM: OpenJDK 64-Bit Server VM (21.0.8+-14018985-b1038.68, mixed mode, tiered, compressed oops, compressed class ptrs, g1 gc, windows-amd64)
GC Precious Log:
 CardTable entry size: 512
 Card Set container configuration: InlinePtr #cards 5 size 8 Array Of Cards #cards 12 size 40 Howl #buckets 4 coarsen threshold 1843 Howl Bitmap #cards 512 size 80 coarsen threshold 460 Card regions per heap region 1 cards per card region 2048
 CPUs: 16 total, 16 available
 Memory: 16091M
 Large Page Support: Disabled
 NUMA Support: Disabled
 Compressed Oops: Enabled (32-bit)
 Heap Region Size: 1M
 Heap Min Capacity: 8M
 Heap Initial Capacity: 252M
 Heap Max Capacity: 2G
 Pre-touch: Disabled
 Parallel Workers: 13
 Concurrent Workers: 3
 Concurrent Refinement Workers: 13
 Periodic GC: Disabled
Heap:
 garbage-first heap   total 375808K, used 220475K [0x0000000080000000, 0x0000000100000000)
  region size 1024K, 69 young (70656K), 8 survivors (8192K)
 Metaspace       used 139763K, committed 142144K, reserved 1179648K
  class space    used 19021K, committed 20160K, reserved 1048576K
GC Heap History (20 events):
Event: 277.083 GC heap before
{Heap before GC invocations=45 (full 0):
 garbage-first heap   total 225280K, used 203313K [0x0000000080000000, 0x0000000100000000)
  region size 1024K, 65 young (66560K), 9 survivors (9216K)
 Metaspace       used 138583K, committed 140992K, reserved 1179648K
  class space    used 18857K, committed 20032K, reserved 1048576K
}
Event: 277.090 GC heap after
{Heap after GC invocations=46 (full 0):
 garbage-first heap   total 225280K, used 154954K [0x0000000080000000, 0x0000000100000000)
  region size 1024K, 8 young (8192K), 8 survivors (8192K)
 Metaspace       used 138583K, committed 140992K, reserved 1179648K
  class space    used 18857K, committed 20032K, reserved 1048576K
}
Event: 277.336 GC heap before
{Heap before GC invocations=47 (full 0):
 garbage-first heap   total 261120K, used 200010K [0x0000000080000000, 0x0000000100000000)
  region size 1024K, 54 young (55296K), 8 survivors (8192K)
 Metaspace       used 139109K, committed 141440K, reserved 1179648K
  class space    used 18940K, committed 20096K, reserved 1048576K
}
Event: 277.341 GC heap after
{Heap after GC invocations=48 (full 0):
 garbage-first heap   total 261120K, used 158143K [0x0000000080000000, 0x0000000100000000)
  region size 1024K, 4 young (4096K), 4 survivors (4096K)
 Metaspace       used 139109K, committed 141440K, reserved 1179648K
  class space    used 18940K, committed 20096K, reserved 1048576K
}
Event: 277.397 GC heap before
{Heap before GC invocations=48 (full 0):
 garbage-first heap   total 261120K, used 234943K [0x0000000080000000, 0x0000000100000000)
  region size 1024K, 80 young (81920K), 4 survivors (4096K)
 Metaspace       used 139194K, committed 141568K, reserved 1179648K
  class space    used 18957K, committed 20096K, reserved 1048576K
}
Event: 277.401 GC heap after
{Heap after GC invocations=49 (full 0):
 garbage-first heap   total 261120K, used 151620K [0x0000000080000000, 0x0000000100000000)
  region size 1024K, 4 young (4096K), 4 survivors (4096K)
 Metaspace       used 139194K, committed 141568K, reserved 1179648K
  class space    used 18957K, committed 20096K, reserved 1048576K
}
Event: 277.465 GC heap before
{Heap before GC invocations=49 (full 0):
 garbage-first heap   total 261120K, used 240708K [0x0000000080000000, 0x0000000100000000)
  region size 1024K, 92 young (94208K), 4 survivors (4096K)
 Metaspace       used 139215K, committed 141632K, reserved 1179648K
  class space    used 18957K, committed 20096K, reserved 1048576K
}
Event: 277.468 GC heap after
{Heap after GC invocations=50 (full 0):
 garbage-first heap   total 261120K, used 152230K [0x0000000080000000, 0x0000000100000000)
  region size 1024K, 5 young (5120K), 5 survivors (5120K)
 Metaspace       used 139215K, committed 141632K, reserved 1179648K
  class space    used 18957K, committed 20096K, reserved 1048576K
}
Event: 277.544 GC heap before
{Heap before GC invocations=50 (full 0):
 garbage-first heap   total 261120K, used 239270K [0x0000000080000000, 0x0000000100000000)
  region size 1024K, 91 young (93184K), 5 survivors (5120K)
 Metaspace       used 139216K, committed 141632K, reserved 1179648K
  class space    used 18957K, committed 20096K, reserved 1048576K
}
Event: 277.547 GC heap after
{Heap after GC invocations=51 (full 0):
 garbage-first heap   total 261120K, used 152843K [0x0000000080000000, 0x0000000100000000)
  region size 1024K, 5 young (5120K), 5 survivors (5120K)
 Metaspace       used 139216K, committed 141632K, reserved 1179648K
  class space    used 18957K, committed 20096K, reserved 1048576K
}
Event: 277.662 GC heap before
{Heap before GC invocations=52 (full 0):
 garbage-first heap   total 261120K, used 239883K [0x0000000080000000, 0x0000000100000000)
  region size 1024K, 91 young (93184K), 5 survivors (5120K)
 Metaspace       used 139227K, committed 141632K, reserved 1179648K
  class space    used 18957K, committed 20096K, reserved 1048576K
}
Event: 277.665 GC heap after
{Heap after GC invocations=53 (full 0):
 garbage-first heap   total 261120K, used 153649K [0x0000000080000000, 0x0000000100000000)
  region size 1024K, 6 young (6144K), 6 survivors (6144K)
 Metaspace       used 139227K, committed 141632K, reserved 1179648K
  class space    used 18957K, committed 20096K, reserved 1048576K
}
Event: 277.748 GC heap before
{Heap before GC invocations=53 (full 0):
 garbage-first heap   total 261120K, used 238641K [0x0000000080000000, 0x0000000100000000)
  region size 1024K, 90 young (92160K), 6 survivors (6144K)
 Metaspace       used 139236K, committed 141632K, reserved 1179648K
  class space    used 18957K, committed 20096K, reserved 1048576K
}
Event: 277.752 GC heap after
{Heap after GC invocations=54 (full 0):
 garbage-first heap   total 375808K, used 149944K [0x0000000080000000, 0x0000000100000000)
  region size 1024K, 6 young (6144K), 6 survivors (6144K)
 Metaspace       used 139236K, committed 141632K, reserved 1179648K
  class space    used 18957K, committed 20096K, reserved 1048576K
}
Event: 278.071 GC heap before
{Heap before GC invocations=54 (full 0):
 garbage-first heap   total 375808K, used 340408K [0x0000000080000000, 0x0000000100000000)
  region size 1024K, 193 young (197632K), 6 survivors (6144K)
 Metaspace       used 139287K, committed 141632K, reserved 1179648K
  class space    used 18962K, committed 20096K, reserved 1048576K
}
Event: 278.073 GC heap after
{Heap after GC invocations=55 (full 0):
 garbage-first heap   total 375808K, used 148844K [0x0000000080000000, 0x0000000100000000)
  region size 1024K, 5 young (5120K), 5 survivors (5120K)
 Metaspace       used 139287K, committed 141632K, reserved 1179648K
  class space    used 18962K, committed 20096K, reserved 1048576K
}
Event: 278.922 GC heap before
{Heap before GC invocations=55 (full 0):
 garbage-first heap   total 375808K, used 350572K [0x0000000080000000, 0x0000000100000000)
  region size 1024K, 202 young (206848K), 5 survivors (5120K)
 Metaspace       used 139287K, committed 141632K, reserved 1179648K
  class space    used 18962K, committed 20096K, reserved 1048576K
}
Event: 278.927 GC heap after
{Heap after GC invocations=56 (full 0):
 garbage-first heap   total 375808K, used 150407K [0x0000000080000000, 0x0000000100000000)
  region size 1024K, 6 young (6144K), 6 survivors (6144K)
 Metaspace       used 139287K, committed 141632K, reserved 1179648K
  class space    used 18962K, committed 20096K, reserved 1048576K
}
Event: 279.621 GC heap before
{Heap before GC invocations=56 (full 0):
 garbage-first heap   total 375808K, used 344967K [0x0000000080000000, 0x0000000100000000)
  region size 1024K, 197 young (201728K), 6 survivors (6144K)
 Metaspace       used 139287K, committed 141632K, reserved 1179648K
  class space    used 18962K, committed 20096K, reserved 1048576K
}
Event: 279.626 GC heap after
{Heap after GC invocations=57 (full 0):
 garbage-first heap   total 375808K, used 151867K [0x0000000080000000, 0x0000000100000000)
  region size 1024K, 8 young (8192K), 8 survivors (8192K)
 Metaspace       used 139287K, committed 141632K, reserved 1179648K
  class space    used 18962K, committed 20096K, reserved 1048576K
}

