# JRE version: OpenJDK Runtime Environment (21.0.8) (build 21.0.8+-14018985-b1038.68)
# Java VM: OpenJDK 64-Bit Server VM (21.0.8+-14018985-b1038.68, mixed mode, tiered, compressed oops, compressed class ptrs, g1 gc, windows-amd64)
GC Precious Log:
 CardTable entry size: 512
 Card Set container configuration: InlinePtr #cards 4 size 8 Array Of Cards #cards 16 size 48 Howl #buckets 8 coarsen threshold 3686 Howl Bitmap #cards 512 size 80 coarsen threshold 460 Card regions per heap region 1 cards per card region 4096
 CPUs: 16 total, 16 available
 Memory: 16091M
 Large Page Support: Disabled
 NUMA Support: Disabled
 Compressed Oops: Enabled (Zero based)
 Heap Region Size: 2M
 Heap Min Capacity: 8M
 Heap Initial Capacity: 252M
 Heap Max Capacity: 4024M
 Pre-touch: Disabled
 Parallel Workers: 13
 Concurrent Workers: 3
 Concurrent Refinement Workers: 13
 Periodic GC: Disabled
Heap:
 garbage-first heap   total 184320K, used 131784K [0x0000000704800000, 0x0000000800000000)
  region size 2048K, 18 young (36864K), 4 survivors (8192K)
 Metaspace       used 88854K, committed 89280K, reserved 1179648K
  class space    used 9335K, committed 9536K, reserved 1048576K
GC Heap History (20 events):
Event: 1.900 GC heap before
{Heap before GC invocations=8 (full 0):
 garbage-first heap   total 47104K, used 37407K [0x0000000704800000, 0x0000000800000000)
  region size 2048K, 11 young (22528K), 2 survivors (4096K)
 Metaspace       used 40382K, committed 40640K, reserved 1114112K
  class space    used 4878K, committed 4992K, reserved 1048576K
}
Event: 1.905 GC heap after
{Heap after GC invocations=9 (full 0):
 garbage-first heap   total 47104K, used 19574K [0x0000000704800000, 0x0000000800000000)
  region size 2048K, 1 young (2048K), 1 survivors (2048K)
 Metaspace       used 40382K, committed 40640K, reserved 1114112K
  class space    used 4878K, committed 4992K, reserved 1048576K
}
Event: 2.178 GC heap before
{Heap before GC invocations=9 (full 0):
 garbage-first heap   total 47104K, used 35958K [0x0000000704800000, 0x0000000800000000)
  region size 2048K, 10 young (20480K), 1 survivors (2048K)
 Metaspace       used 45120K, committed 45312K, reserved 1114112K
  class space    used 5375K, committed 5440K, reserved 1048576K
}
Event: 2.182 GC heap after
{Heap after GC invocations=10 (full 0):
 garbage-first heap   total 153600K, used 20746K [0x0000000704800000, 0x0000000800000000)
  region size 2048K, 2 young (4096K), 2 survivors (4096K)
 Metaspace       used 45120K, committed 45312K, reserved 1114112K
  class space    used 5375K, committed 5440K, reserved 1048576K
}
Event: 3.081 GC heap before
{Heap before GC invocations=10 (full 0):
 garbage-first heap   total 153600K, used 106762K [0x0000000704800000, 0x0000000800000000)
  region size 2048K, 45 young (92160K), 2 survivors (4096K)
 Metaspace       used 53675K, committed 53952K, reserved 1114112K
  class space    used 6264K, committed 6400K, reserved 1048576K
}
Event: 3.097 GC heap after
{Heap after GC invocations=11 (full 0):
 garbage-first heap   total 153600K, used 41121K [0x0000000704800000, 0x0000000800000000)
  region size 2048K, 6 young (12288K), 6 survivors (12288K)
 Metaspace       used 53675K, committed 53952K, reserved 1114112K
  class space    used 6264K, committed 6400K, reserved 1048576K
}
Event: 4.527 GC heap before
{Heap before GC invocations=11 (full 0):
 garbage-first heap   total 153600K, used 102561K [0x0000000704800000, 0x0000000800000000)
  region size 2048K, 36 young (73728K), 6 survivors (12288K)
 Metaspace       used 56337K, committed 56704K, reserved 1114112K
  class space    used 6536K, committed 6720K, reserved 1048576K
}
Event: 4.545 GC heap after
{Heap after GC invocations=12 (full 0):
 garbage-first heap   total 153600K, used 57344K [0x0000000704800000, 0x0000000800000000)
  region size 2048K, 5 young (10240K), 5 survivors (10240K)
 Metaspace       used 56337K, committed 56704K, reserved 1114112K
  class space    used 6536K, committed 6720K, reserved 1048576K
}
Event: 5.900 GC heap before
{Heap before GC invocations=12 (full 0):
 garbage-first heap   total 153600K, used 104448K [0x0000000704800000, 0x0000000800000000)
  region size 2048K, 29 young (59392K), 5 survivors (10240K)
 Metaspace       used 59805K, committed 60096K, reserved 1114112K
  class space    used 6827K, committed 6976K, reserved 1048576K
}
Event: 5.912 GC heap after
{Heap after GC invocations=13 (full 0):
 garbage-first heap   total 153600K, used 66359K [0x0000000704800000, 0x0000000800000000)
  region size 2048K, 4 young (8192K), 4 survivors (8192K)
 Metaspace       used 59805K, committed 60096K, reserved 1114112K
  class space    used 6827K, committed 6976K, reserved 1048576K
}
Event: 6.949 GC heap before
{Heap before GC invocations=14 (full 0):
 garbage-first heap   total 153600K, used 119607K [0x0000000704800000, 0x0000000800000000)
  region size 2048K, 30 young (61440K), 4 survivors (8192K)
 Metaspace       used 61545K, committed 61888K, reserved 1114112K
  class space    used 6928K, committed 7104K, reserved 1048576K
}
Event: 6.962 GC heap after
{Heap after GC invocations=15 (full 0):
 garbage-first heap   total 184320K, used 77824K [0x0000000704800000, 0x0000000800000000)
  region size 2048K, 4 young (8192K), 4 survivors (8192K)
 Metaspace       used 61545K, committed 61888K, reserved 1114112K
  class space    used 6928K, committed 7104K, reserved 1048576K
}
Event: 8.681 GC heap before
{Heap before GC invocations=15 (full 0):
 garbage-first heap   total 184320K, used 145408K [0x0000000704800000, 0x0000000800000000)
  region size 2048K, 37 young (75776K), 4 survivors (8192K)
 Metaspace       used 68895K, committed 69248K, reserved 1114112K
  class space    used 7586K, committed 7744K, reserved 1048576K
}
Event: 8.705 GC heap after
{Heap after GC invocations=16 (full 0):
 garbage-first heap   total 184320K, used 88584K [0x0000000704800000, 0x0000000800000000)
  region size 2048K, 5 young (10240K), 5 survivors (10240K)
 Metaspace       used 68895K, committed 69248K, reserved 1114112K
  class space    used 7586K, committed 7744K, reserved 1048576K
}
Event: 10.509 GC heap before
{Heap before GC invocations=16 (full 0):
 garbage-first heap   total 184320K, used 150024K [0x0000000704800000, 0x0000000800000000)
  region size 2048K, 35 young (71680K), 5 survivors (10240K)
 Metaspace       used 73517K, committed 73792K, reserved 1179648K
  class space    used 7994K, committed 8128K, reserved 1048576K
}
Event: 10.528 GC heap after
{Heap after GC invocations=17 (full 0):
 garbage-first heap   total 184320K, used 100235K [0x0000000704800000, 0x0000000800000000)
  region size 2048K, 5 young (10240K), 5 survivors (10240K)
 Metaspace       used 73517K, committed 73792K, reserved 1179648K
  class space    used 7994K, committed 8128K, reserved 1048576K
}
Event: 11.746 GC heap before
{Heap before GC invocations=17 (full 0):
 garbage-first heap   total 184320K, used 130955K [0x0000000704800000, 0x0000000800000000)
  region size 2048K, 21 young (43008K), 5 survivors (10240K)
 Metaspace       used 79173K, committed 79488K, reserved 1179648K
  class space    used 8581K, committed 8704K, reserved 1048576K
}
Event: 11.755 GC heap after
{Heap after GC invocations=18 (full 0):
 garbage-first heap   total 184320K, used 104367K [0x0000000704800000, 0x0000000800000000)
  region size 2048K, 2 young (4096K), 2 survivors (4096K)
 Metaspace       used 79173K, committed 79488K, reserved 1179648K
  class space    used 8581K, committed 8704K, reserved 1048576K
}
Event: 14.336 GC heap before
{Heap before GC invocations=19 (full 0):
 garbage-first heap   total 184320K, used 157615K [0x0000000704800000, 0x0000000800000000)
  region size 2048K, 28 young (57344K), 2 survivors (4096K)
 Metaspace       used 88053K, committed 88448K, reserved 1179648K
  class space    used 9301K, committed 9472K, reserved 1048576K
}
Event: 14.343 GC heap after
{Heap after GC invocations=20 (full 0):
 garbage-first heap   total 184320K, used 107208K [0x0000000704800000, 0x0000000800000000)
  region size 2048K, 4 young (8192K), 4 survivors (8192K)
 Metaspace       used 88053K, committed 88448K, reserved 1179648K
  class space    used 9301K, committed 9472K, reserved 1048576K
}

